Build started 2015/12/14 18:44:32.
     1>Project "C:\Users\WEITAO\Desktop\FinalProject\ConsoleApplication54\ConsoleApplication54.vcxproj" on node 2 (Build target(s)).
     1>ClCompile:
         D:\VS\VC\bin\CL.exe /c /IC:\Users\WEITAO\Desktop\FinalProject\packages\gtest.1.7.0.1\build\native\../..//build/native/include/ /I"C:\Users\WEITAO\Documents\Visual Studio 2013\Projects\ConsoleApplication54\packages\gtest.1.7.0.1\build\native\include" /ZI /nologo /W3 /WX- /sdl /Od /Oy- /D WIN32 /D _DEBUG /D _CONSOLE /D _LIB /D _UNICODE /D UNICODE /Gm /EHsc /RTC1 /MDd /GS /fp:precise /Zc:wchar_t /Zc:forScope /Fo"Debug\\" /Fd"Debug\vc120.pdb" /Gd /TP /analyze- /errorReport:prompt ComplexNumber.cpp GoogleTest.cpp
         GoogleTest.cpp
         ComplexNumber.cpp
         Generating Code...
       Link:
         D:\VS\VC\bin\link.exe /ERRORREPORT:PROMPT /OUT:"C:\Users\WEITAO\Desktop\FinalProject\Debug\ConsoleApplication54.exe" /INCREMENTAL /NOLOGO /LIBPATH:"C:\Users\WEITAO\Documents\Visual Studio 2013\Projects\ConsoleApplication54\packages\gtest.1.7.0.1\build\native\lib" kernel32.lib user32.lib gdi32.lib winspool.lib comdlg32.lib advapi32.lib shell32.lib ole32.lib oleaut32.lib uuid.lib odbc32.lib odbccp32.lib /MANIFEST /MANIFESTUAC:"level='asInvoker' uiAccess='false'" /manifest:embed /DEBUG /PDB:"C:\Users\WEITAO\Desktop\FinalProject\Debug\ConsoleApplication54.pdb" /SUBSYSTEM:CONSOLE /TLBID:1 /DYNAMICBASE /NXCOMPAT /IMPLIB:"C:\Users\WEITAO\Desktop\FinalProject\Debug\ConsoleApplication54.lib" /MACHINE:X86 Debug\ComplexNumber.obj
         Debug\GoogleTest.obj
     1>GoogleTest.obj : error LNK2019: unresolved external symbol "bool __cdecl testing::internal::IsTrue(bool)" (?IsTrue@internal@testing@@YA_N_N@Z) referenced in function "public: void __thiscall testing::internal::scoped_ptr<class std::basic_string<char,struct std::char_traits<char>,class std::allocator<char> > >::reset(class std::basic_string<char,struct std::char_traits<char>,class std::allocator<char> > *)" (?reset@?$scoped_ptr@V?$basic_string@DU?$char_traits@D@std@@V?$allocator@D@2@@std@@@internal@testing@@QAEXPAV?$basic_string@DU?$char_traits@D@std@@V?$allocator@D@2@@std@@@Z)
     1>GoogleTest.obj : error LNK2019: unresolved external symbol "public: __thiscall testing::Message::Message(void)" (??0Message@testing@@QAE@XZ) referenced in function "private: virtual void __thiscall NumberTest_realimgEQ_Test::TestBody(void)" (?TestBody@NumberTest_realimgEQ_Test@@EAEXXZ)
     1>GoogleTest.obj : error LNK2019: unresolved external symbol "class testing::AssertionResult __cdecl testing::internal::EqFailure(char const *,char const *,class std::basic_string<char,struct std::char_traits<char>,class std::allocator<char> > const &,class std::basic_string<char,struct std::char_traits<char>,class std::allocator<char> > const &,bool)" (?EqFailure@internal@testing@@YA?AVAssertionResult@2@PBD0ABV?$basic_string@DU?$char_traits@D@std@@V?$allocator@D@2@@std@@1_N@Z) referenced in function "class testing::AssertionResult __cdecl testing::internal::CmpHelperEQ<class complexNumber,class complexNumber>(char const *,char const *,class complexNumber const &,class complexNumber const &)" (??$CmpHelperEQ@VcomplexNumber@@V1@@internal@testing@@YA?AVAssertionResult@1@PBD0ABVcomplexNumber@@1@Z)
     1>GoogleTest.obj : error LNK2019: unresolved external symbol "void const * __cdecl testing::internal::GetTestTypeId(void)" (?GetTestTypeId@internal@testing@@YAPBXXZ) referenced in function "void __cdecl `dynamic initializer for 'private: static class testing::TestInfo * NumberTest_realimgEQ_Test::test_info_''(void)" (??__E?test_info_@NumberTest_realimgEQ_Test@@0QAVTestInfo@testing@@A@@YAXXZ)
     1>GoogleTest.obj : error LNK2019: unresolved external symbol "class testing::TestInfo * __cdecl testing::internal::MakeAndRegisterTestInfo(char const *,char const *,char const *,char const *,void const *,void (__cdecl*)(void),void (__cdecl*)(void),class testing::internal::TestFactoryBase *)" (?MakeAndRegisterTestInfo@internal@testing@@YAPAVTestInfo@2@PBD000PBXP6AXXZ2PAVTestFactoryBase@12@@Z) referenced in function "void __cdecl `dynamic initializer for 'private: static class testing::TestInfo * NumberTest_realimgEQ_Test::test_info_''(void)" (??__E?test_info_@NumberTest_realimgEQ_Test@@0QAVTestInfo@testing@@A@@YAXXZ)
     1>GoogleTest.obj : error LNK2019: unresolved external symbol "class testing::AssertionResult __cdecl testing::AssertionSuccess(void)" (?AssertionSuccess@testing@@YA?AVAssertionResult@1@XZ) referenced in function "class testing::AssertionResult __cdecl testing::internal::CmpHelperEQ<class complexNumber,class complexNumber>(char const *,char const *,class complexNumber const &,class complexNumber const &)" (??$CmpHelperEQ@VcomplexNumber@@V1@@internal@testing@@YA?AVAssertionResult@1@PBD0ABVcomplexNumber@@1@Z)
     1>GoogleTest.obj : error LNK2019: unresolved external symbol "public: virtual __thiscall testing::Test::~Test(void)" (??1Test@testing@@UAE@XZ) referenced in function "public: virtual __thiscall NumberTest_realimgEQ_Test::~NumberTest_realimgEQ_Test(void)" (??1NumberTest_realimgEQ_Test@@UAE@XZ)
     1>GoogleTest.obj : error LNK2019: unresolved external symbol "protected: __thiscall testing::Test::Test(void)" (??0Test@testing@@IAE@XZ) referenced in function "public: __thiscall NumberTest_realimgEQ_Test::NumberTest_realimgEQ_Test(void)" (??0NumberTest_realimgEQ_Test@@QAE@XZ)
     1>GoogleTest.obj : error LNK2001: unresolved external symbol "protected: virtual void __thiscall testing::Test::SetUp(void)" (?SetUp@Test@testing@@MAEXXZ)
     1>GoogleTest.obj : error LNK2001: unresolved external symbol "protected: virtual void __thiscall testing::Test::TearDown(void)" (?TearDown@Test@testing@@MAEXXZ)
     1>GoogleTest.obj : error LNK2019: unresolved external symbol "public: static class testing::UnitTest * __cdecl testing::UnitTest::GetInstance(void)" (?GetInstance@UnitTest@testing@@SAPAV12@XZ) referenced in function "int __cdecl RUN_ALL_TESTS(void)" (?RUN_ALL_TESTS@@YAHXZ)
     1>GoogleTest.obj : error LNK2019: unresolved external symbol "public: int __thiscall testing::UnitTest::Run(void)" (?Run@UnitTest@testing@@QAEHXZ) referenced in function "int __cdecl RUN_ALL_TESTS(void)" (?RUN_ALL_TESTS@@YAHXZ)
     1>GoogleTest.obj : error LNK2019: unresolved external symbol "void __cdecl testing::InitGoogleTest(int *,char * *)" (?InitGoogleTest@testing@@YAXPAHPAPAD@Z) referenced in function _main
     1>GoogleTest.obj : error LNK2019: unresolved external symbol "public: __thiscall testing::internal::AssertHelper::AssertHelper(enum testing::TestPartResult::Type,char const *,int,char const *)" (??0AssertHelper@internal@testing@@QAE@W4Type@TestPartResult@2@PBDH1@Z) referenced in function "private: virtual void __thiscall NumberTest_realimgEQ_Test::TestBody(void)" (?TestBody@NumberTest_realimgEQ_Test@@EAEXXZ)
     1>GoogleTest.obj : error LNK2019: unresolved external symbol "public: __thiscall testing::internal::AssertHelper::~AssertHelper(void)" (??1AssertHelper@internal@testing@@QAE@XZ) referenced in function "private: virtual void __thiscall NumberTest_realimgEQ_Test::TestBody(void)" (?TestBody@NumberTest_realimgEQ_Test@@EAEXXZ)
     1>GoogleTest.obj : error LNK2019: unresolved external symbol "public: void __thiscall testing::internal::AssertHelper::operator=(class testing::Message const &)const " (??4AssertHelper@internal@testing@@QBEXABVMessage@2@@Z) referenced in function "private: virtual void __thiscall NumberTest_realimgEQ_Test::TestBody(void)" (?TestBody@NumberTest_realimgEQ_Test@@EAEXXZ)
     1>C:\Users\WEITAO\Desktop\FinalProject\Debug\ConsoleApplication54.exe : fatal error LNK1120: 16 unresolved externals
     1>Done Building Project "C:\Users\WEITAO\Desktop\FinalProject\ConsoleApplication54\ConsoleApplication54.vcxproj" (Build target(s)) -- FAILED.

Build FAILED.

Time Elapsed 00:00:01.08
